<?xml version="1.0" encoding="UTF-8"?>
<testsuite xmlns:xsi="http://www.w3.org/2001/XMLSchema-instance" xsi:noNamespaceSchemaLocation="https://maven.apache.org/surefire/maven-surefire-plugin/xsd/surefire-test-report.xsd" name="com.antgroup.ewallet.EwalletApplicationTests" time="0.018" tests="1" errors="0" skipped="0" failures="0">
  <properties>
    <property name="java.specification.version" value="17"/>
    <property name="sun.jnu.encoding" value="UTF-8"/>
    <property name="java.class.path" value="/Users/vivekananthaganagandran/Documents/GitHub/ewallet_2/target/test-classes:/Users/vivekananthaganagandran/Documents/GitHub/ewallet_2/target/classes:/Users/vivekananthaganagandran/.m2/repository/org/springframework/boot/spring-boot-starter-web/2.7.18/spring-boot-starter-web-2.7.18.jar:/Users/vivekananthaganagandran/.m2/repository/org/springframework/boot/spring-boot-starter/2.7.18/spring-boot-starter-2.7.18.jar:/Users/vivekananthaganagandran/.m2/repository/org/springframework/boot/spring-boot-autoconfigure/2.7.18/spring-boot-autoconfigure-2.7.18.jar:/Users/vivekananthaganagandran/.m2/repository/org/springframework/boot/spring-boot-starter-logging/2.7.18/spring-boot-starter-logging-2.7.18.jar:/Users/vivekananthaganagandran/.m2/repository/ch/qos/logback/logback-classic/1.2.12/logback-classic-1.2.12.jar:/Users/vivekananthaganagandran/.m2/repository/ch/qos/logback/logback-core/1.2.12/logback-core-1.2.12.jar:/Users/vivekananthaganagandran/.m2/repository/org/apache/logging/log4j/log4j-to-slf4j/2.17.2/log4j-to-slf4j-2.17.2.jar:/Users/vivekananthaganagandran/.m2/repository/org/slf4j/jul-to-slf4j/1.7.36/jul-to-slf4j-1.7.36.jar:/Users/vivekananthaganagandran/.m2/repository/jakarta/annotation/jakarta.annotation-api/1.3.5/jakarta.annotation-api-1.3.5.jar:/Users/vivekananthaganagandran/.m2/repository/org/springframework/spring-core/5.3.31/spring-core-5.3.31.jar:/Users/vivekananthaganagandran/.m2/repository/org/springframework/spring-jcl/5.3.31/spring-jcl-5.3.31.jar:/Users/vivekananthaganagandran/.m2/repository/org/yaml/snakeyaml/1.30/snakeyaml-1.30.jar:/Users/vivekananthaganagandran/.m2/repository/org/springframework/boot/spring-boot-starter-json/2.7.18/spring-boot-starter-json-2.7.18.jar:/Users/vivekananthaganagandran/.m2/repository/com/fasterxml/jackson/datatype/jackson-datatype-jdk8/2.13.5/jackson-datatype-jdk8-2.13.5.jar:/Users/vivekananthaganagandran/.m2/repository/com/fasterxml/jackson/datatype/jackson-datatype-jsr310/2.13.5/jackson-datatype-jsr310-2.13.5.jar:/Users/vivekananthaganagandran/.m2/repository/com/fasterxml/jackson/module/jackson-module-parameter-names/2.13.5/jackson-module-parameter-names-2.13.5.jar:/Users/vivekananthaganagandran/.m2/repository/org/springframework/boot/spring-boot-starter-tomcat/2.7.18/spring-boot-starter-tomcat-2.7.18.jar:/Users/vivekananthaganagandran/.m2/repository/org/apache/tomcat/embed/tomcat-embed-core/9.0.83/tomcat-embed-core-9.0.83.jar:/Users/vivekananthaganagandran/.m2/repository/org/apache/tomcat/embed/tomcat-embed-el/9.0.83/tomcat-embed-el-9.0.83.jar:/Users/vivekananthaganagandran/.m2/repository/org/apache/tomcat/embed/tomcat-embed-websocket/9.0.83/tomcat-embed-websocket-9.0.83.jar:/Users/vivekananthaganagandran/.m2/repository/org/springframework/spring-web/5.3.31/spring-web-5.3.31.jar:/Users/vivekananthaganagandran/.m2/repository/org/springframework/spring-beans/5.3.31/spring-beans-5.3.31.jar:/Users/vivekananthaganagandran/.m2/repository/org/springframework/spring-webmvc/5.3.31/spring-webmvc-5.3.31.jar:/Users/vivekananthaganagandran/.m2/repository/org/springframework/spring-aop/5.3.31/spring-aop-5.3.31.jar:/Users/vivekananthaganagandran/.m2/repository/org/springframework/spring-context/5.3.31/spring-context-5.3.31.jar:/Users/vivekananthaganagandran/.m2/repository/org/springframework/spring-expression/5.3.31/spring-expression-5.3.31.jar:/Users/vivekananthaganagandran/.m2/repository/org/springframework/boot/spring-boot-starter-thymeleaf/2.7.18/spring-boot-starter-thymeleaf-2.7.18.jar:/Users/vivekananthaganagandran/.m2/repository/org/thymeleaf/thymeleaf-spring5/3.0.15.RELEASE/thymeleaf-spring5-3.0.15.RELEASE.jar:/Users/vivekananthaganagandran/.m2/repository/org/thymeleaf/thymeleaf/3.0.15.RELEASE/thymeleaf-3.0.15.RELEASE.jar:/Users/vivekananthaganagandran/.m2/repository/org/attoparser/attoparser/2.0.5.RELEASE/attoparser-2.0.5.RELEASE.jar:/Users/vivekananthaganagandran/.m2/repository/org/unbescape/unbescape/1.1.6.RELEASE/unbescape-1.1.6.RELEASE.jar:/Users/vivekananthaganagandran/.m2/repository/org/slf4j/slf4j-api/1.7.36/slf4j-api-1.7.36.jar:/Users/vivekananthaganagandran/.m2/repository/org/thymeleaf/extras/thymeleaf-extras-java8time/3.0.4.RELEASE/thymeleaf-extras-java8time-3.0.4.RELEASE.jar:/Users/vivekananthaganagandran/.m2/repository/com/fasterxml/jackson/core/jackson-databind/2.13.5/jackson-databind-2.13.5.jar:/Users/vivekananthaganagandran/.m2/repository/com/fasterxml/jackson/core/jackson-annotations/2.13.5/jackson-annotations-2.13.5.jar:/Users/vivekananthaganagandran/.m2/repository/com/fasterxml/jackson/core/jackson-core/2.13.5/jackson-core-2.13.5.jar:/Users/vivekananthaganagandran/.m2/repository/com/google/zxing/core/3.5.2/core-3.5.2.jar:/Users/vivekananthaganagandran/.m2/repository/com/google/zxing/javase/3.5.2/javase-3.5.2.jar:/Users/vivekananthaganagandran/.m2/repository/com/beust/jcommander/1.82/jcommander-1.82.jar:/Users/vivekananthaganagandran/.m2/repository/com/github/jai-imageio/jai-imageio-core/1.4.0/jai-imageio-core-1.4.0.jar:/Users/vivekananthaganagandran/Documents/GitHub/ewallet_2/lib/alipayplus/mpp-server-sdk-1.2.1.20240506.jar:/Users/vivekananthaganagandran/Documents/GitHub/ewallet_2/lib/alipayplus/mpp-server-sdk-framework-1.2.1.20240506.jar:/Users/vivekananthaganagandran/Documents/GitHub/ewallet_2/lib/container-resource-1.0.0.aar:/Users/vivekananthaganagandran/Documents/GitHub/ewallet_2/lib/iaptinylog-1.0.0.aar:/Users/vivekananthaganagandran/Documents/GitHub/ewallet_2/lib/sdk-alipayplus.aar:/Users/vivekananthaganagandran/Documents/GitHub/ewallet_2/lib/sdk-autodebit.aar:/Users/vivekananthaganagandran/Documents/GitHub/ewallet_2/lib/sdk-mpm.aar:/Users/vivekananthaganagandran/.m2/repository/org/apache/poi/poi/5.2.5/poi-5.2.5.jar:/Users/vivekananthaganagandran/.m2/repository/commons-codec/commons-codec/1.15/commons-codec-1.15.jar:/Users/vivekananthaganagandran/.m2/repository/org/apache/commons/commons-collections4/4.4/commons-collections4-4.4.jar:/Users/vivekananthaganagandran/.m2/repository/org/apache/commons/commons-math3/3.6.1/commons-math3-3.6.1.jar:/Users/vivekananthaganagandran/.m2/repository/commons-io/commons-io/2.15.0/commons-io-2.15.0.jar:/Users/vivekananthaganagandran/.m2/repository/com/zaxxer/SparseBitSet/1.3/SparseBitSet-1.3.jar:/Users/vivekananthaganagandran/.m2/repository/org/apache/logging/log4j/log4j-api/2.17.2/log4j-api-2.17.2.jar:/Users/vivekananthaganagandran/.m2/repository/org/apache/poi/poi-ooxml/5.2.5/poi-ooxml-5.2.5.jar:/Users/vivekananthaganagandran/.m2/repository/org/apache/poi/poi-ooxml-lite/5.2.5/poi-ooxml-lite-5.2.5.jar:/Users/vivekananthaganagandran/.m2/repository/org/apache/xmlbeans/xmlbeans/5.2.0/xmlbeans-5.2.0.jar:/Users/vivekananthaganagandran/.m2/repository/org/apache/commons/commons-compress/1.25.0/commons-compress-1.25.0.jar:/Users/vivekananthaganagandran/.m2/repository/com/github/virtuald/curvesapi/1.08/curvesapi-1.08.jar:/Users/vivekananthaganagandran/.m2/repository/com/alibaba/fastjson/1.2.83/fastjson-1.2.83.jar:/Users/vivekananthaganagandran/.m2/repository/org/apache/commons/commons-lang3/3.8.1/commons-lang3-3.8.1.jar:/Users/vivekananthaganagandran/.m2/repository/org/apache/httpcomponents/httpclient/4.5.14/httpclient-4.5.14.jar:/Users/vivekananthaganagandran/.m2/repository/org/apache/httpcomponents/httpcore/4.4.16/httpcore-4.4.16.jar:/Users/vivekananthaganagandran/.m2/repository/javax/xml/bind/jaxb-api/2.4.0-b180830.0359/jaxb-api-2.4.0-b180830.0359.jar:/Users/vivekananthaganagandran/.m2/repository/javax/activation/javax.activation-api/1.2.0/javax.activation-api-1.2.0.jar:/Users/vivekananthaganagandran/.m2/repository/org/springframework/boot/spring-boot-test/3.4.0/spring-boot-test-3.4.0.jar:/Users/vivekananthaganagandran/.m2/repository/org/springframework/boot/spring-boot/2.7.18/spring-boot-2.7.18.jar:/Users/vivekananthaganagandran/.m2/repository/org/springframework/spring-test/5.3.31/spring-test-5.3.31.jar:/Users/vivekananthaganagandran/.m2/repository/junit/junit/4.13.2/junit-4.13.2.jar:/Users/vivekananthaganagandran/.m2/repository/org/hamcrest/hamcrest-core/2.2/hamcrest-core-2.2.jar:/Users/vivekananthaganagandran/.m2/repository/org/hamcrest/hamcrest/2.2/hamcrest-2.2.jar:"/>
    <property name="java.vm.vendor" value="Oracle Corporation"/>
    <property name="sun.arch.data.model" value="64"/>
    <property name="java.vendor.url" value="https://java.oracle.com/"/>
    <property name="os.name" value="Mac OS X"/>
    <property name="java.vm.specification.version" value="17"/>
    <property name="sun.java.launcher" value="SUN_STANDARD"/>
    <property name="user.country" value="US"/>
    <property name="sun.boot.library.path" value="/Library/Java/JavaVirtualMachines/jdk-17.jdk/Contents/Home/lib"/>
    <property name="sun.java.command" value="/Users/vivekananthaganagandran/Documents/GitHub/ewallet_2/target/surefire/surefirebooter12435665875670534685.jar /Users/vivekananthaganagandran/Documents/GitHub/ewallet_2/target/surefire 2024-12-30T04-43-33_229-jvmRun1 surefire14689212603660273160tmp surefire_03139072356539752075tmp"/>
    <property name="jdk.debug" value="release"/>
    <property name="surefire.test.class.path" value="/Users/vivekananthaganagandran/Documents/GitHub/ewallet_2/target/test-classes:/Users/vivekananthaganagandran/Documents/GitHub/ewallet_2/target/classes:/Users/vivekananthaganagandran/.m2/repository/org/springframework/boot/spring-boot-starter-web/2.7.18/spring-boot-starter-web-2.7.18.jar:/Users/vivekananthaganagandran/.m2/repository/org/springframework/boot/spring-boot-starter/2.7.18/spring-boot-starter-2.7.18.jar:/Users/vivekananthaganagandran/.m2/repository/org/springframework/boot/spring-boot-autoconfigure/2.7.18/spring-boot-autoconfigure-2.7.18.jar:/Users/vivekananthaganagandran/.m2/repository/org/springframework/boot/spring-boot-starter-logging/2.7.18/spring-boot-starter-logging-2.7.18.jar:/Users/vivekananthaganagandran/.m2/repository/ch/qos/logback/logback-classic/1.2.12/logback-classic-1.2.12.jar:/Users/vivekananthaganagandran/.m2/repository/ch/qos/logback/logback-core/1.2.12/logback-core-1.2.12.jar:/Users/vivekananthaganagandran/.m2/repository/org/apache/logging/log4j/log4j-to-slf4j/2.17.2/log4j-to-slf4j-2.17.2.jar:/Users/vivekananthaganagandran/.m2/repository/org/slf4j/jul-to-slf4j/1.7.36/jul-to-slf4j-1.7.36.jar:/Users/vivekananthaganagandran/.m2/repository/jakarta/annotation/jakarta.annotation-api/1.3.5/jakarta.annotation-api-1.3.5.jar:/Users/vivekananthaganagandran/.m2/repository/org/springframework/spring-core/5.3.31/spring-core-5.3.31.jar:/Users/vivekananthaganagandran/.m2/repository/org/springframework/spring-jcl/5.3.31/spring-jcl-5.3.31.jar:/Users/vivekananthaganagandran/.m2/repository/org/yaml/snakeyaml/1.30/snakeyaml-1.30.jar:/Users/vivekananthaganagandran/.m2/repository/org/springframework/boot/spring-boot-starter-json/2.7.18/spring-boot-starter-json-2.7.18.jar:/Users/vivekananthaganagandran/.m2/repository/com/fasterxml/jackson/datatype/jackson-datatype-jdk8/2.13.5/jackson-datatype-jdk8-2.13.5.jar:/Users/vivekananthaganagandran/.m2/repository/com/fasterxml/jackson/datatype/jackson-datatype-jsr310/2.13.5/jackson-datatype-jsr310-2.13.5.jar:/Users/vivekananthaganagandran/.m2/repository/com/fasterxml/jackson/module/jackson-module-parameter-names/2.13.5/jackson-module-parameter-names-2.13.5.jar:/Users/vivekananthaganagandran/.m2/repository/org/springframework/boot/spring-boot-starter-tomcat/2.7.18/spring-boot-starter-tomcat-2.7.18.jar:/Users/vivekananthaganagandran/.m2/repository/org/apache/tomcat/embed/tomcat-embed-core/9.0.83/tomcat-embed-core-9.0.83.jar:/Users/vivekananthaganagandran/.m2/repository/org/apache/tomcat/embed/tomcat-embed-el/9.0.83/tomcat-embed-el-9.0.83.jar:/Users/vivekananthaganagandran/.m2/repository/org/apache/tomcat/embed/tomcat-embed-websocket/9.0.83/tomcat-embed-websocket-9.0.83.jar:/Users/vivekananthaganagandran/.m2/repository/org/springframework/spring-web/5.3.31/spring-web-5.3.31.jar:/Users/vivekananthaganagandran/.m2/repository/org/springframework/spring-beans/5.3.31/spring-beans-5.3.31.jar:/Users/vivekananthaganagandran/.m2/repository/org/springframework/spring-webmvc/5.3.31/spring-webmvc-5.3.31.jar:/Users/vivekananthaganagandran/.m2/repository/org/springframework/spring-aop/5.3.31/spring-aop-5.3.31.jar:/Users/vivekananthaganagandran/.m2/repository/org/springframework/spring-context/5.3.31/spring-context-5.3.31.jar:/Users/vivekananthaganagandran/.m2/repository/org/springframework/spring-expression/5.3.31/spring-expression-5.3.31.jar:/Users/vivekananthaganagandran/.m2/repository/org/springframework/boot/spring-boot-starter-thymeleaf/2.7.18/spring-boot-starter-thymeleaf-2.7.18.jar:/Users/vivekananthaganagandran/.m2/repository/org/thymeleaf/thymeleaf-spring5/3.0.15.RELEASE/thymeleaf-spring5-3.0.15.RELEASE.jar:/Users/vivekananthaganagandran/.m2/repository/org/thymeleaf/thymeleaf/3.0.15.RELEASE/thymeleaf-3.0.15.RELEASE.jar:/Users/vivekananthaganagandran/.m2/repository/org/attoparser/attoparser/2.0.5.RELEASE/attoparser-2.0.5.RELEASE.jar:/Users/vivekananthaganagandran/.m2/repository/org/unbescape/unbescape/1.1.6.RELEASE/unbescape-1.1.6.RELEASE.jar:/Users/vivekananthaganagandran/.m2/repository/org/slf4j/slf4j-api/1.7.36/slf4j-api-1.7.36.jar:/Users/vivekananthaganagandran/.m2/repository/org/thymeleaf/extras/thymeleaf-extras-java8time/3.0.4.RELEASE/thymeleaf-extras-java8time-3.0.4.RELEASE.jar:/Users/vivekananthaganagandran/.m2/repository/com/fasterxml/jackson/core/jackson-databind/2.13.5/jackson-databind-2.13.5.jar:/Users/vivekananthaganagandran/.m2/repository/com/fasterxml/jackson/core/jackson-annotations/2.13.5/jackson-annotations-2.13.5.jar:/Users/vivekananthaganagandran/.m2/repository/com/fasterxml/jackson/core/jackson-core/2.13.5/jackson-core-2.13.5.jar:/Users/vivekananthaganagandran/.m2/repository/com/google/zxing/core/3.5.2/core-3.5.2.jar:/Users/vivekananthaganagandran/.m2/repository/com/google/zxing/javase/3.5.2/javase-3.5.2.jar:/Users/vivekananthaganagandran/.m2/repository/com/beust/jcommander/1.82/jcommander-1.82.jar:/Users/vivekananthaganagandran/.m2/repository/com/github/jai-imageio/jai-imageio-core/1.4.0/jai-imageio-core-1.4.0.jar:/Users/vivekananthaganagandran/Documents/GitHub/ewallet_2/lib/alipayplus/mpp-server-sdk-1.2.1.20240506.jar:/Users/vivekananthaganagandran/Documents/GitHub/ewallet_2/lib/alipayplus/mpp-server-sdk-framework-1.2.1.20240506.jar:/Users/vivekananthaganagandran/Documents/GitHub/ewallet_2/lib/container-resource-1.0.0.aar:/Users/vivekananthaganagandran/Documents/GitHub/ewallet_2/lib/iaptinylog-1.0.0.aar:/Users/vivekananthaganagandran/Documents/GitHub/ewallet_2/lib/sdk-alipayplus.aar:/Users/vivekananthaganagandran/Documents/GitHub/ewallet_2/lib/sdk-autodebit.aar:/Users/vivekananthaganagandran/Documents/GitHub/ewallet_2/lib/sdk-mpm.aar:/Users/vivekananthaganagandran/.m2/repository/org/apache/poi/poi/5.2.5/poi-5.2.5.jar:/Users/vivekananthaganagandran/.m2/repository/commons-codec/commons-codec/1.15/commons-codec-1.15.jar:/Users/vivekananthaganagandran/.m2/repository/org/apache/commons/commons-collections4/4.4/commons-collections4-4.4.jar:/Users/vivekananthaganagandran/.m2/repository/org/apache/commons/commons-math3/3.6.1/commons-math3-3.6.1.jar:/Users/vivekananthaganagandran/.m2/repository/commons-io/commons-io/2.15.0/commons-io-2.15.0.jar:/Users/vivekananthaganagandran/.m2/repository/com/zaxxer/SparseBitSet/1.3/SparseBitSet-1.3.jar:/Users/vivekananthaganagandran/.m2/repository/org/apache/logging/log4j/log4j-api/2.17.2/log4j-api-2.17.2.jar:/Users/vivekananthaganagandran/.m2/repository/org/apache/poi/poi-ooxml/5.2.5/poi-ooxml-5.2.5.jar:/Users/vivekananthaganagandran/.m2/repository/org/apache/poi/poi-ooxml-lite/5.2.5/poi-ooxml-lite-5.2.5.jar:/Users/vivekananthaganagandran/.m2/repository/org/apache/xmlbeans/xmlbeans/5.2.0/xmlbeans-5.2.0.jar:/Users/vivekananthaganagandran/.m2/repository/org/apache/commons/commons-compress/1.25.0/commons-compress-1.25.0.jar:/Users/vivekananthaganagandran/.m2/repository/com/github/virtuald/curvesapi/1.08/curvesapi-1.08.jar:/Users/vivekananthaganagandran/.m2/repository/com/alibaba/fastjson/1.2.83/fastjson-1.2.83.jar:/Users/vivekananthaganagandran/.m2/repository/org/apache/commons/commons-lang3/3.8.1/commons-lang3-3.8.1.jar:/Users/vivekananthaganagandran/.m2/repository/org/apache/httpcomponents/httpclient/4.5.14/httpclient-4.5.14.jar:/Users/vivekananthaganagandran/.m2/repository/org/apache/httpcomponents/httpcore/4.4.16/httpcore-4.4.16.jar:/Users/vivekananthaganagandran/.m2/repository/javax/xml/bind/jaxb-api/2.4.0-b180830.0359/jaxb-api-2.4.0-b180830.0359.jar:/Users/vivekananthaganagandran/.m2/repository/javax/activation/javax.activation-api/1.2.0/javax.activation-api-1.2.0.jar:/Users/vivekananthaganagandran/.m2/repository/org/springframework/boot/spring-boot-test/3.4.0/spring-boot-test-3.4.0.jar:/Users/vivekananthaganagandran/.m2/repository/org/springframework/boot/spring-boot/2.7.18/spring-boot-2.7.18.jar:/Users/vivekananthaganagandran/.m2/repository/org/springframework/spring-test/5.3.31/spring-test-5.3.31.jar:/Users/vivekananthaganagandran/.m2/repository/junit/junit/4.13.2/junit-4.13.2.jar:/Users/vivekananthaganagandran/.m2/repository/org/hamcrest/hamcrest-core/2.2/hamcrest-core-2.2.jar:/Users/vivekananthaganagandran/.m2/repository/org/hamcrest/hamcrest/2.2/hamcrest-2.2.jar:"/>
    <property name="sun.cpu.endian" value="little"/>
    <property name="user.home" value="/Users/vivekananthaganagandran"/>
    <property name="user.language" value="en"/>
    <property name="java.specification.vendor" value="Oracle Corporation"/>
    <property name="java.version.date" value="2024-07-16"/>
    <property name="java.home" value="/Library/Java/JavaVirtualMachines/jdk-17.jdk/Contents/Home"/>
    <property name="file.separator" value="/"/>
    <property name="basedir" value="/Users/vivekananthaganagandran/Documents/GitHub/ewallet_2"/>
    <property name="java.vm.compressedOopsMode" value="Zero based"/>
    <property name="line.separator" value="&#10;"/>
    <property name="java.vm.specification.vendor" value="Oracle Corporation"/>
    <property name="java.specification.name" value="Java Platform API Specification"/>
    <property name="surefire.real.class.path" value="/Users/vivekananthaganagandran/Documents/GitHub/ewallet_2/target/surefire/surefirebooter12435665875670534685.jar"/>
    <property name="sun.management.compiler" value="HotSpot 64-Bit Tiered Compilers"/>
    <property name="java.runtime.version" value="17.0.12+8-LTS-286"/>
    <property name="user.name" value="vivekananthaganagandran"/>
    <property name="path.separator" value=":"/>
    <property name="os.version" value="15.2"/>
    <property name="java.runtime.name" value="Java(TM) SE Runtime Environment"/>
    <property name="file.encoding" value="UTF-8"/>
    <property name="java.vm.name" value="Java HotSpot(TM) 64-Bit Server VM"/>
    <property name="localRepository" value="/Users/vivekananthaganagandran/.m2/repository"/>
    <property name="java.vendor.url.bug" value="https://bugreport.java.com/bugreport/"/>
    <property name="java.io.tmpdir" value="/var/folders/q8/6t7zxwkx0xs917v67_jf5pqm0000gq/T/"/>
    <property name="idea.version" value="2024.3.1.1"/>
    <property name="java.version" value="17.0.12"/>
    <property name="user.dir" value="/Users/vivekananthaganagandran/Documents/GitHub/ewallet_2"/>
    <property name="os.arch" value="aarch64"/>
    <property name="java.vm.specification.name" value="Java Virtual Machine Specification"/>
    <property name="native.encoding" value="UTF-8"/>
    <property name="java.library.path" value="/Users/vivekananthaganagandran/Library/Java/Extensions:/Library/Java/Extensions:/Network/Library/Java/Extensions:/System/Library/Java/Extensions:/usr/lib/java:."/>
    <property name="java.vm.info" value="mixed mode, sharing"/>
    <property name="java.vendor" value="Oracle Corporation"/>
    <property name="java.vm.version" value="17.0.12+8-LTS-286"/>
    <property name="sun.io.unicode.encoding" value="UnicodeBig"/>
    <property name="java.class.version" value="61.0"/>
  </properties>
  <testcase name="contextLoads" classname="com.antgroup.ewallet.EwalletApplicationTests" time="0.001"/>
</testsuite>